<?xml version="1.0" encoding="UTF-8"?>
<testng-results skipped="0" failed="0" ignored="0" total="1" passed="1">
  <reporter-output>
  </reporter-output>
  <suite name="Default suite" duration-ms="32772" started-at="2019-09-17T14:06:26 IST" finished-at="2019-09-17T14:06:59 IST">
    <groups>
    </groups>
    <test name="Default test" duration-ms="32772" started-at="2019-09-17T14:06:26 IST" finished-at="2019-09-17T14:06:59 IST">
      <class name="com.training.sanity.tests.ELTC_043">
        <test-method status="PASS" signature="setUpBeforeClass()[pri:0, instance:com.training.sanity.tests.ELTC_043@32709393]" name="setUpBeforeClass" is-config="true" duration-ms="15" started-at="2019-09-17T14:06:26 IST" finished-at="2019-09-17T14:06:26 IST">
          <reporter-output>
          </reporter-output>
        </test-method> <!-- setUpBeforeClass -->
        <test-method status="PASS" signature="setUp()[pri:0, instance:com.training.sanity.tests.ELTC_043@32709393]" name="setUp" is-config="true" duration-ms="6890" started-at="2019-09-17T14:06:26 IST" finished-at="2019-09-17T14:06:33 IST">
          <reporter-output>
          </reporter-output>
        </test-method> <!-- setUp -->
        <test-method status="PASS" signature="ELTC_043()[pri:0, instance:com.training.sanity.tests.ELTC_043@32709393]" name="ELTC_043" duration-ms="25827" started-at="2019-09-17T14:06:33 IST" finished-at="2019-09-17T14:06:59 IST">
          <reporter-output>
          </reporter-output>
        </test-method> <!-- ELTC_043 -->
      </class> <!-- com.training.sanity.tests.ELTC_043 -->
    </test> <!-- Default test -->
  </suite> <!-- Default suite -->
</testng-results>
